2020-02-28T06:52:50.531314Z 0 [Warning] InnoDB: New log files created, LSN=45790
2020-02-28T06:52:50.665194Z 0 [Warning] InnoDB: Creating foreign key constraint system tables.
2020-02-28T06:52:51.089895Z 0 [Warning] No existing UUID has been found, so we assume that this is the first time that this server has been started. Generating a new UUID: eff599ac-59f6-11ea-bcd8-0242ac170002.
2020-02-28T06:52:51.091887Z 0 [Warning] Gtid table is not ready to be used. Table 'mysql.gtid_executed' cannot be opened.
2020-02-28T06:52:53.397338Z 0 [Warning] CA certificate ca.pem is self signed.
2020-02-28T06:52:53.692397Z 1 [Warning] root@localhost is created with an empty password ! Please consider switching off the --initialize-insecure option.
2020-02-28T06:52:57.803395Z 0 [Note] mysqld (mysqld 5.7.28-log) starting as process 79 ...
2020-02-28T06:52:57.914368Z 0 [Note] InnoDB: PUNCH HOLE support available
2020-02-28T06:52:57.914532Z 0 [Note] InnoDB: Mutexes and rw_locks use GCC atomic builtins
2020-02-28T06:52:57.914662Z 0 [Note] InnoDB: Uses event mutexes
2020-02-28T06:52:57.914890Z 0 [Note] InnoDB: GCC builtin __atomic_thread_fence() is used for memory barrier
2020-02-28T06:52:57.914989Z 0 [Note] InnoDB: Compressed tables use zlib 1.2.11
2020-02-28T06:52:57.916987Z 0 [Note] InnoDB: Number of pools: 1
2020-02-28T06:52:57.919183Z 0 [Note] InnoDB: Using CPU crc32 instructions
2020-02-28T06:52:57.935495Z 0 [Note] InnoDB: Initializing buffer pool, total size = 128M, instances = 1, chunk size = 128M
2020-02-28T06:52:57.961497Z 0 [Note] InnoDB: Completed initialization of buffer pool
2020-02-28T06:52:57.976789Z 0 [Note] InnoDB: If the mysqld execution user is authorized, page cleaner thread priority can be changed. See the man page of setpriority().
2020-02-28T06:52:58.014545Z 0 [Note] InnoDB: Highest supported file format is Barracuda.
2020-02-28T06:52:58.092394Z 0 [Note] InnoDB: Creating shared tablespace for temporary tables
2020-02-28T06:52:58.094068Z 0 [Note] InnoDB: Setting file './ibtmp1' size to 12 MB. Physically writing the file full; Please wait ...
2020-02-28T06:52:58.176072Z 0 [Note] InnoDB: File './ibtmp1' size is now 12 MB.
2020-02-28T06:52:58.178282Z 0 [Note] InnoDB: 96 redo rollback segment(s) found. 96 redo rollback segment(s) are active.
2020-02-28T06:52:58.178432Z 0 [Note] InnoDB: 32 non-redo rollback segment(s) are active.
2020-02-28T06:52:58.178979Z 0 [Note] InnoDB: Waiting for purge to start
2020-02-28T06:52:58.258747Z 0 [Note] InnoDB: 5.7.28 started; log sequence number 2628236
2020-02-28T06:52:58.274048Z 0 [Note] InnoDB: Loading buffer pool(s) from /var/lib/mysql/ib_buffer_pool
2020-02-28T06:52:58.278051Z 0 [Note] Plugin 'FEDERATED' is disabled.
2020-02-28T06:52:58.344351Z 0 [Warning] World-writable config file './auto.cnf' is ignored.
2020-02-28T06:52:58.345187Z 0 [Warning] World-writable config file './auto.cnf' has been removed.

2020-02-28T06:52:58.345266Z 0 [Note] InnoDB: Buffer pool(s) load completed at 200228 14:52:58
2020-02-28T06:52:58.345697Z 0 [Note] Salting uuid generator variables, current_pid: 79, server_start_time: 1582872777, bytes_sent: 0, 
2020-02-28T06:52:58.346870Z 0 [Note] Generated uuid: 'f448ee69-59f6-11ea-805d-0242ac170002', server_start_time: 22236524743014680, bytes_sent: 94480527695360
2020-02-28T06:52:58.346998Z 0 [Warning] No existing UUID has been found, so we assume that this is the first time that this server has been started. Generating a new UUID: f448ee69-59f6-11ea-805d-0242ac170002.
2020-02-28T06:52:58.376471Z 0 [Note] Found ca.pem, server-cert.pem and server-key.pem in data directory. Trying to enable SSL support using them.
2020-02-28T06:52:58.376650Z 0 [Note] Skipping generation of SSL certificates as certificate files are present in data directory.
2020-02-28T06:52:58.399017Z 0 [Warning] CA certificate ca.pem is self signed.
2020-02-28T06:52:58.399524Z 0 [Note] Skipping generation of RSA key pair as key files are present in data directory.
2020-02-28T06:52:58.411726Z 0 [Warning] Insecure configuration for --pid-file: Location '/var/run/mysqld' in the path is accessible to all OS users. Consider choosing a different directory.
2020-02-28T06:52:58.639501Z 0 [Note] Event Scheduler: Loaded 0 events
2020-02-28T06:52:58.639904Z 0 [Note] mysqld: ready for connections.
Version: '5.7.28-log'  socket: '/var/run/mysqld/mysqld.sock'  port: 0  MySQL Community Server (GPL)
2020-02-28T06:53:04.443420Z 0 [Note] Giving 0 client threads a chance to die gracefully
2020-02-28T06:53:04.443581Z 0 [Note] Shutting down slave threads
2020-02-28T06:53:04.444650Z 0 [Note] Forcefully disconnecting 0 remaining clients
2020-02-28T06:53:04.444744Z 0 [Note] Event Scheduler: Purging the queue. 0 events
2020-02-28T06:53:04.444882Z 0 [Note] Binlog end
2020-02-28T06:53:04.447758Z 0 [Note] Shutting down plugin 'ngram'
2020-02-28T06:53:04.447855Z 0 [Note] Shutting down plugin 'partition'
2020-02-28T06:53:04.447949Z 0 [Note] Shutting down plugin 'BLACKHOLE'
2020-02-28T06:53:04.448031Z 0 [Note] Shutting down plugin 'ARCHIVE'
2020-02-28T06:53:04.448110Z 0 [Note] Shutting down plugin 'PERFORMANCE_SCHEMA'
2020-02-28T06:53:04.448211Z 0 [Note] Shutting down plugin 'MRG_MYISAM'
2020-02-28T06:53:04.448293Z 0 [Note] Shutting down plugin 'MyISAM'
2020-02-28T06:53:04.448382Z 0 [Note] Shutting down plugin 'INNODB_SYS_VIRTUAL'
2020-02-28T06:53:04.448481Z 0 [Note] Shutting down plugin 'INNODB_SYS_DATAFILES'
2020-02-28T06:53:04.448561Z 0 [Note] Shutting down plugin 'INNODB_SYS_TABLESPACES'
2020-02-28T06:53:04.448641Z 0 [Note] Shutting down plugin 'INNODB_SYS_FOREIGN_COLS'
2020-02-28T06:53:04.448719Z 0 [Note] Shutting down plugin 'INNODB_SYS_FOREIGN'
2020-02-28T06:53:04.448796Z 0 [Note] Shutting down plugin 'INNODB_SYS_FIELDS'
2020-02-28T06:53:04.448873Z 0 [Note] Shutting down plugin 'INNODB_SYS_COLUMNS'
2020-02-28T06:53:04.448950Z 0 [Note] Shutting down plugin 'INNODB_SYS_INDEXES'
2020-02-28T06:53:04.449029Z 0 [Note] Shutting down plugin 'INNODB_SYS_TABLESTATS'
2020-02-28T06:53:04.449106Z 0 [Note] Shutting down plugin 'INNODB_SYS_TABLES'
2020-02-28T06:53:04.449218Z 0 [Note] Shutting down plugin 'INNODB_FT_INDEX_TABLE'
2020-02-28T06:53:04.449297Z 0 [Note] Shutting down plugin 'INNODB_FT_INDEX_CACHE'
2020-02-28T06:53:04.449387Z 0 [Note] Shutting down plugin 'INNODB_FT_CONFIG'
2020-02-28T06:53:04.449492Z 0 [Note] Shutting down plugin 'INNODB_FT_BEING_DELETED'
2020-02-28T06:53:04.449571Z 0 [Note] Shutting down plugin 'INNODB_FT_DELETED'
2020-02-28T06:53:04.449649Z 0 [Note] Shutting down plugin 'INNODB_FT_DEFAULT_STOPWORD'
2020-02-28T06:53:04.449727Z 0 [Note] Shutting down plugin 'INNODB_METRICS'
2020-02-28T06:53:04.449804Z 0 [Note] Shutting down plugin 'INNODB_TEMP_TABLE_INFO'
2020-02-28T06:53:04.449881Z 0 [Note] Shutting down plugin 'INNODB_BUFFER_POOL_STATS'
2020-02-28T06:53:04.449959Z 0 [Note] Shutting down plugin 'INNODB_BUFFER_PAGE_LRU'
2020-02-28T06:53:04.450036Z 0 [Note] Shutting down plugin 'INNODB_BUFFER_PAGE'
2020-02-28T06:53:04.450113Z 0 [Note] Shutting down plugin 'INNODB_CMP_PER_INDEX_RESET'
2020-02-28T06:53:04.450192Z 0 [Note] Shutting down plugin 'INNODB_CMP_PER_INDEX'
2020-02-28T06:53:04.450269Z 0 [Note] Shutting down plugin 'INNODB_CMPMEM_RESET'
2020-02-28T06:53:04.450346Z 0 [Note] Shutting down plugin 'INNODB_CMPMEM'
2020-02-28T06:53:04.450457Z 0 [Note] Shutting down plugin 'INNODB_CMP_RESET'
2020-02-28T06:53:04.450547Z 0 [Note] Shutting down plugin 'INNODB_CMP'
2020-02-28T06:53:04.450634Z 0 [Note] Shutting down plugin 'INNODB_LOCK_WAITS'
2020-02-28T06:53:04.450732Z 0 [Note] Shutting down plugin 'INNODB_LOCKS'
2020-02-28T06:53:04.450819Z 0 [Note] Shutting down plugin 'INNODB_TRX'
2020-02-28T06:53:04.450916Z 0 [Note] Shutting down plugin 'InnoDB'
2020-02-28T06:53:04.451650Z 0 [Note] InnoDB: FTS optimize thread exiting.
2020-02-28T06:53:04.453856Z 0 [Note] InnoDB: Starting shutdown...
2020-02-28T06:53:04.559551Z 0 [Note] InnoDB: Dumping buffer pool(s) to /var/lib/mysql/ib_buffer_pool
2020-02-28T06:53:04.565326Z 0 [Note] InnoDB: Buffer pool(s) dump completed at 200228 14:53:04
2020-02-28T06:53:05.921796Z 0 [Note] InnoDB: Shutdown completed; log sequence number 12440109
2020-02-28T06:53:05.924764Z 0 [Note] InnoDB: Removed temporary tablespace data file: "ibtmp1"
2020-02-28T06:53:05.925059Z 0 [Note] Shutting down plugin 'MEMORY'
2020-02-28T06:53:05.925217Z 0 [Note] Shutting down plugin 'CSV'
2020-02-28T06:53:05.925400Z 0 [Note] Shutting down plugin 'sha256_password'
2020-02-28T06:53:05.925578Z 0 [Note] Shutting down plugin 'mysql_native_password'
2020-02-28T06:53:05.926488Z 0 [Note] Shutting down plugin 'binlog'
2020-02-28T06:53:05.930338Z 0 [Note] mysqld: Shutdown complete

2020-02-28T06:53:06.757796Z 0 [Note] mysqld (mysqld 5.7.28-log) starting as process 1 ...
2020-02-28T06:53:06.773526Z 0 [Note] InnoDB: PUNCH HOLE support available
2020-02-28T06:53:06.773699Z 0 [Note] InnoDB: Mutexes and rw_locks use GCC atomic builtins
2020-02-28T06:53:06.773799Z 0 [Note] InnoDB: Uses event mutexes
2020-02-28T06:53:06.773894Z 0 [Note] InnoDB: GCC builtin __atomic_thread_fence() is used for memory barrier
2020-02-28T06:53:06.773989Z 0 [Note] InnoDB: Compressed tables use zlib 1.2.11
2020-02-28T06:53:06.774687Z 0 [Note] InnoDB: Number of pools: 1
2020-02-28T06:53:06.774939Z 0 [Note] InnoDB: Using CPU crc32 instructions
2020-02-28T06:53:06.778157Z 0 [Note] InnoDB: Initializing buffer pool, total size = 128M, instances = 1, chunk size = 128M
2020-02-28T06:53:06.800346Z 0 [Note] InnoDB: Completed initialization of buffer pool
2020-02-28T06:53:06.813712Z 0 [Note] InnoDB: If the mysqld execution user is authorized, page cleaner thread priority can be changed. See the man page of setpriority().
2020-02-28T06:53:06.847382Z 0 [Note] InnoDB: Highest supported file format is Barracuda.
2020-02-28T06:53:06.906455Z 0 [Note] InnoDB: Creating shared tablespace for temporary tables
2020-02-28T06:53:06.907377Z 0 [Note] InnoDB: Setting file './ibtmp1' size to 12 MB. Physically writing the file full; Please wait ...
2020-02-28T06:53:06.986462Z 0 [Note] InnoDB: File './ibtmp1' size is now 12 MB.
2020-02-28T06:53:06.988504Z 0 [Note] InnoDB: 96 redo rollback segment(s) found. 96 redo rollback segment(s) are active.
2020-02-28T06:53:06.988616Z 0 [Note] InnoDB: 32 non-redo rollback segment(s) are active.
2020-02-28T06:53:06.989187Z 0 [Note] InnoDB: Waiting for purge to start
2020-02-28T06:53:07.066528Z 0 [Note] InnoDB: 5.7.28 started; log sequence number 12440109
2020-02-28T06:53:07.069508Z 0 [Note] Plugin 'FEDERATED' is disabled.
2020-02-28T06:53:07.073459Z 0 [Note] InnoDB: Loading buffer pool(s) from /var/lib/mysql/ib_buffer_pool
2020-02-28T06:53:07.131885Z 0 [Warning] World-writable config file './auto.cnf' is ignored.
2020-02-28T06:53:07.132670Z 0 [Warning] World-writable config file './auto.cnf' has been removed.

2020-02-28T06:53:07.133150Z 0 [Note] Salting uuid generator variables, current_pid: 1, server_start_time: 1582872786, bytes_sent: 0, 
2020-02-28T06:53:07.135591Z 0 [Note] Generated uuid: 'f985fbb9-59f6-11ea-a167-0242ac170002', server_start_time: 281476559583443, bytes_sent: 94455360143376
2020-02-28T06:53:07.135839Z 0 [Warning] No existing UUID has been found, so we assume that this is the first time that this server has been started. Generating a new UUID: f985fbb9-59f6-11ea-a167-0242ac170002.
2020-02-28T06:53:07.165530Z 0 [Note] Found ca.pem, server-cert.pem and server-key.pem in data directory. Trying to enable SSL support using them.
2020-02-28T06:53:07.165634Z 0 [Note] Skipping generation of SSL certificates as certificate files are present in data directory.
2020-02-28T06:53:07.173103Z 0 [Warning] CA certificate ca.pem is self signed.
2020-02-28T06:53:07.173640Z 0 [Note] Skipping generation of RSA key pair as key files are present in data directory.
2020-02-28T06:53:07.175863Z 0 [Note] Server hostname (bind-address): '*'; port: 3306
2020-02-28T06:53:07.176115Z 0 [Note] IPv6 is available.
2020-02-28T06:53:07.176706Z 0 [Note]   - '::' resolves to '::';
2020-02-28T06:53:07.176955Z 0 [Note] Server socket created on IP: '::'.
2020-02-28T06:53:07.176905Z 0 [Note] InnoDB: Buffer pool(s) load completed at 200228 14:53:07
2020-02-28T06:53:07.178018Z 0 [Warning] Insecure configuration for --pid-file: Location '/var/run/mysqld' in the path is accessible to all OS users. Consider choosing a different directory.
2020-02-28T06:53:07.366943Z 0 [Note] Event Scheduler: Loaded 0 events
2020-02-28T06:53:07.367319Z 0 [Note] mysqld: ready for connections.
Version: '5.7.28-log'  socket: '/var/run/mysqld/mysqld.sock'  port: 3306  MySQL Community Server (GPL)
2020-02-28T06:53:09.353118Z 0 [Note] Giving 0 client threads a chance to die gracefully
2020-02-28T06:53:09.355518Z 0 [Note] Shutting down slave threads
2020-02-28T06:53:09.356550Z 0 [Note] Forcefully disconnecting 0 remaining clients
2020-02-28T06:53:09.356680Z 0 [Note] Event Scheduler: Purging the queue. 0 events
2020-02-28T06:53:09.356896Z 0 [Note] Binlog end
2020-02-28T06:53:09.360327Z 0 [Note] Shutting down plugin 'ngram'
2020-02-28T06:53:09.360486Z 0 [Note] Shutting down plugin 'partition'
2020-02-28T06:53:09.360576Z 0 [Note] Shutting down plugin 'BLACKHOLE'
2020-02-28T06:53:09.360683Z 0 [Note] Shutting down plugin 'ARCHIVE'
2020-02-28T06:53:09.360792Z 0 [Note] Shutting down plugin 'PERFORMANCE_SCHEMA'
2020-02-28T06:53:09.360924Z 0 [Note] Shutting down plugin 'MRG_MYISAM'
2020-02-28T06:53:09.361034Z 0 [Note] Shutting down plugin 'MyISAM'
2020-02-28T06:53:09.361154Z 0 [Note] Shutting down plugin 'INNODB_SYS_VIRTUAL'
2020-02-28T06:53:09.361263Z 0 [Note] Shutting down plugin 'INNODB_SYS_DATAFILES'
2020-02-28T06:53:09.361371Z 0 [Note] Shutting down plugin 'INNODB_SYS_TABLESPACES'
2020-02-28T06:53:09.361479Z 0 [Note] Shutting down plugin 'INNODB_SYS_FOREIGN_COLS'
2020-02-28T06:53:09.361587Z 0 [Note] Shutting down plugin 'INNODB_SYS_FOREIGN'
2020-02-28T06:53:09.361697Z 0 [Note] Shutting down plugin 'INNODB_SYS_FIELDS'
2020-02-28T06:53:09.361805Z 0 [Note] Shutting down plugin 'INNODB_SYS_COLUMNS'
2020-02-28T06:53:09.361913Z 0 [Note] Shutting down plugin 'INNODB_SYS_INDEXES'
2020-02-28T06:53:09.362020Z 0 [Note] Shutting down plugin 'INNODB_SYS_TABLESTATS'
2020-02-28T06:53:09.362132Z 0 [Note] Shutting down plugin 'INNODB_SYS_TABLES'
2020-02-28T06:53:09.362240Z 0 [Note] Shutting down plugin 'INNODB_FT_INDEX_TABLE'
2020-02-28T06:53:09.362347Z 0 [Note] Shutting down plugin 'INNODB_FT_INDEX_CACHE'
2020-02-28T06:53:09.362455Z 0 [Note] Shutting down plugin 'INNODB_FT_CONFIG'
2020-02-28T06:53:09.362562Z 0 [Note] Shutting down plugin 'INNODB_FT_BEING_DELETED'
2020-02-28T06:53:09.362672Z 0 [Note] Shutting down plugin 'INNODB_FT_DELETED'
2020-02-28T06:53:09.362780Z 0 [Note] Shutting down plugin 'INNODB_FT_DEFAULT_STOPWORD'
2020-02-28T06:53:09.362888Z 0 [Note] Shutting down plugin 'INNODB_METRICS'
2020-02-28T06:53:09.363046Z 0 [Note] Shutting down plugin 'INNODB_TEMP_TABLE_INFO'
2020-02-28T06:53:09.363147Z 0 [Note] Shutting down plugin 'INNODB_BUFFER_POOL_STATS'
2020-02-28T06:53:09.363234Z 0 [Note] Shutting down plugin 'INNODB_BUFFER_PAGE_LRU'
2020-02-28T06:53:09.363335Z 0 [Note] Shutting down plugin 'INNODB_BUFFER_PAGE'
2020-02-28T06:53:09.363422Z 0 [Note] Shutting down plugin 'INNODB_CMP_PER_INDEX_RESET'
2020-02-28T06:53:09.363509Z 0 [Note] Shutting down plugin 'INNODB_CMP_PER_INDEX'
2020-02-28T06:53:09.363616Z 0 [Note] Shutting down plugin 'INNODB_CMPMEM_RESET'
2020-02-28T06:53:09.363729Z 0 [Note] Shutting down plugin 'INNODB_CMPMEM'
2020-02-28T06:53:09.363817Z 0 [Note] Shutting down plugin 'INNODB_CMP_RESET'
2020-02-28T06:53:09.363905Z 0 [Note] Shutting down plugin 'INNODB_CMP'
2020-02-28T06:53:09.363993Z 0 [Note] Shutting down plugin 'INNODB_LOCK_WAITS'
2020-02-28T06:53:09.364080Z 0 [Note] Shutting down plugin 'INNODB_LOCKS'
2020-02-28T06:53:09.364167Z 0 [Note] Shutting down plugin 'INNODB_TRX'
2020-02-28T06:53:09.364254Z 0 [Note] Shutting down plugin 'InnoDB'
2020-02-28T06:53:09.364505Z 0 [Note] InnoDB: FTS optimize thread exiting.
2020-02-28T06:53:09.364994Z 0 [Note] InnoDB: Starting shutdown...
2020-02-28T06:53:09.466377Z 0 [Note] InnoDB: Dumping buffer pool(s) to /var/lib/mysql/ib_buffer_pool
2020-02-28T06:53:09.469074Z 0 [Note] InnoDB: Buffer pool(s) dump completed at 200228 14:53:09
2020-02-28T06:53:10.382214Z 0 [Note] InnoDB: Shutdown completed; log sequence number 12440137
2020-02-28T06:53:10.388561Z 0 [Note] InnoDB: Removed temporary tablespace data file: "ibtmp1"
2020-02-28T06:53:10.389150Z 0 [Note] Shutting down plugin 'MEMORY'
2020-02-28T06:53:10.389553Z 0 [Note] Shutting down plugin 'CSV'
2020-02-28T06:53:10.389822Z 0 [Note] Shutting down plugin 'sha256_password'
2020-02-28T06:53:10.390095Z 0 [Note] Shutting down plugin 'mysql_native_password'
2020-02-28T06:53:10.392261Z 0 [Note] Shutting down plugin 'binlog'
2020-02-28T06:53:10.395562Z 0 [Note] mysqld: Shutdown complete

2020-02-28T06:53:40.698560Z 0 [Note] mysqld (mysqld 5.7.28-log) starting as process 1 ...
2020-02-28T06:53:40.716060Z 0 [Note] InnoDB: PUNCH HOLE support available
2020-02-28T06:53:40.716201Z 0 [Note] InnoDB: Mutexes and rw_locks use GCC atomic builtins
2020-02-28T06:53:40.716313Z 0 [Note] InnoDB: Uses event mutexes
2020-02-28T06:53:40.716454Z 0 [Note] InnoDB: GCC builtin __atomic_thread_fence() is used for memory barrier
2020-02-28T06:53:40.716565Z 0 [Note] InnoDB: Compressed tables use zlib 1.2.11
2020-02-28T06:53:40.717110Z 0 [Note] InnoDB: Number of pools: 1
2020-02-28T06:53:40.717609Z 0 [Note] InnoDB: Using CPU crc32 instructions
2020-02-28T06:53:40.720551Z 0 [Note] InnoDB: Initializing buffer pool, total size = 128M, instances = 1, chunk size = 128M
2020-02-28T06:53:40.742493Z 0 [Note] InnoDB: Completed initialization of buffer pool
2020-02-28T06:53:40.755123Z 0 [Note] InnoDB: If the mysqld execution user is authorized, page cleaner thread priority can be changed. See the man page of setpriority().
2020-02-28T06:53:40.788138Z 0 [Note] InnoDB: Highest supported file format is Barracuda.
2020-02-28T06:53:40.868487Z 0 [Note] InnoDB: Creating shared tablespace for temporary tables
2020-02-28T06:53:40.869414Z 0 [Note] InnoDB: Setting file './ibtmp1' size to 12 MB. Physically writing the file full; Please wait ...
2020-02-28T06:53:40.975110Z 0 [Note] InnoDB: File './ibtmp1' size is now 12 MB.
2020-02-28T06:53:40.977840Z 0 [Note] InnoDB: 96 redo rollback segment(s) found. 96 redo rollback segment(s) are active.
2020-02-28T06:53:40.978005Z 0 [Note] InnoDB: 32 non-redo rollback segment(s) are active.
2020-02-28T06:53:40.978795Z 0 [Note] InnoDB: Waiting for purge to start
2020-02-28T06:53:41.029261Z 0 [Note] InnoDB: 5.7.28 started; log sequence number 12440137
2020-02-28T06:53:41.029833Z 0 [Note] Plugin 'FEDERATED' is disabled.
2020-02-28T06:53:41.030699Z 0 [Note] InnoDB: Loading buffer pool(s) from /var/lib/mysql/ib_buffer_pool
2020-02-28T06:53:41.069161Z 0 [Warning] World-writable config file './auto.cnf' is ignored.
2020-02-28T06:53:41.070019Z 0 [Warning] World-writable config file './auto.cnf' has been removed.

2020-02-28T06:53:41.070851Z 0 [Note] Salting uuid generator variables, current_pid: 1, server_start_time: 1582872820, bytes_sent: 0, 
2020-02-28T06:53:41.071252Z 0 [Note] Generated uuid: '0dc027aa-59f7-11ea-8a85-0242ac170002', server_start_time: 281476559583477, bytes_sent: 94695444680800
2020-02-28T06:53:41.071801Z 0 [Warning] No existing UUID has been found, so we assume that this is the first time that this server has been started. Generating a new UUID: 0dc027aa-59f7-11ea-8a85-0242ac170002.
2020-02-28T06:53:41.100937Z 0 [Note] Found ca.pem, server-cert.pem and server-key.pem in data directory. Trying to enable SSL support using them.
2020-02-28T06:53:41.101436Z 0 [Note] Skipping generation of SSL certificates as certificate files are present in data directory.
2020-02-28T06:53:41.105980Z 0 [Note] InnoDB: Buffer pool(s) load completed at 200228 14:53:41
2020-02-28T06:53:41.108009Z 0 [Warning] CA certificate ca.pem is self signed.
2020-02-28T06:53:41.108579Z 0 [Note] Skipping generation of RSA key pair as key files are present in data directory.
2020-02-28T06:53:41.110481Z 0 [Note] Server hostname (bind-address): '*'; port: 3306
2020-02-28T06:53:41.110652Z 0 [Note] IPv6 is available.
2020-02-28T06:53:41.111040Z 0 [Note]   - '::' resolves to '::';
2020-02-28T06:53:41.111222Z 0 [Note] Server socket created on IP: '::'.
2020-02-28T06:53:41.112852Z 0 [Warning] Insecure configuration for --pid-file: Location '/var/run/mysqld' in the path is accessible to all OS users. Consider choosing a different directory.
2020-02-28T06:53:41.361222Z 0 [Note] Event Scheduler: Loaded 0 events
2020-02-28T06:53:41.361762Z 0 [Note] mysqld: ready for connections.
Version: '5.7.28-log'  socket: '/var/run/mysqld/mysqld.sock'  port: 3306  MySQL Community Server (GPL)
2020-02-28T06:54:00.920787Z 0 [Note] Giving 0 client threads a chance to die gracefully
2020-02-28T06:54:00.920979Z 0 [Note] Shutting down slave threads
2020-02-28T06:54:00.921157Z 0 [Note] Forcefully disconnecting 0 remaining clients
2020-02-28T06:54:00.921355Z 0 [Note] Event Scheduler: Purging the queue. 0 events
2020-02-28T06:54:00.921599Z 0 [Note] Binlog end
2020-02-28T06:54:00.927612Z 0 [Note] Shutting down plugin 'ngram'
2020-02-28T06:54:00.927721Z 0 [Note] Shutting down plugin 'partition'
2020-02-28T06:54:00.927803Z 0 [Note] Shutting down plugin 'BLACKHOLE'
2020-02-28T06:54:00.927883Z 0 [Note] Shutting down plugin 'ARCHIVE'
2020-02-28T06:54:00.927962Z 0 [Note] Shutting down plugin 'PERFORMANCE_SCHEMA'
2020-02-28T06:54:00.928057Z 0 [Note] Shutting down plugin 'MRG_MYISAM'
2020-02-28T06:54:00.928137Z 0 [Note] Shutting down plugin 'MyISAM'
2020-02-28T06:54:00.928245Z 0 [Note] Shutting down plugin 'INNODB_SYS_VIRTUAL'
2020-02-28T06:54:00.928349Z 0 [Note] Shutting down plugin 'INNODB_SYS_DATAFILES'
2020-02-28T06:54:00.928461Z 0 [Note] Shutting down plugin 'INNODB_SYS_TABLESPACES'
2020-02-28T06:54:00.928567Z 0 [Note] Shutting down plugin 'INNODB_SYS_FOREIGN_COLS'
2020-02-28T06:54:00.928654Z 0 [Note] Shutting down plugin 'INNODB_SYS_FOREIGN'
2020-02-28T06:54:00.928731Z 0 [Note] Shutting down plugin 'INNODB_SYS_FIELDS'
2020-02-28T06:54:00.928804Z 0 [Note] Shutting down plugin 'INNODB_SYS_COLUMNS'
2020-02-28T06:54:00.928877Z 0 [Note] Shutting down plugin 'INNODB_SYS_INDEXES'
2020-02-28T06:54:00.928949Z 0 [Note] Shutting down plugin 'INNODB_SYS_TABLESTATS'
2020-02-28T06:54:00.929031Z 0 [Note] Shutting down plugin 'INNODB_SYS_TABLES'
2020-02-28T06:54:00.929106Z 0 [Note] Shutting down plugin 'INNODB_FT_INDEX_TABLE'
2020-02-28T06:54:00.929177Z 0 [Note] Shutting down plugin 'INNODB_FT_INDEX_CACHE'
2020-02-28T06:54:00.929251Z 0 [Note] Shutting down plugin 'INNODB_FT_CONFIG'
2020-02-28T06:54:00.929321Z 0 [Note] Shutting down plugin 'INNODB_FT_BEING_DELETED'
2020-02-28T06:54:00.929441Z 0 [Note] Shutting down plugin 'INNODB_FT_DELETED'
2020-02-28T06:54:00.929517Z 0 [Note] Shutting down plugin 'INNODB_FT_DEFAULT_STOPWORD'
2020-02-28T06:54:00.929589Z 0 [Note] Shutting down plugin 'INNODB_METRICS'
2020-02-28T06:54:00.929661Z 0 [Note] Shutting down plugin 'INNODB_TEMP_TABLE_INFO'
2020-02-28T06:54:00.929732Z 0 [Note] Shutting down plugin 'INNODB_BUFFER_POOL_STATS'
2020-02-28T06:54:00.929802Z 0 [Note] Shutting down plugin 'INNODB_BUFFER_PAGE_LRU'
2020-02-28T06:54:00.929882Z 0 [Note] Shutting down plugin 'INNODB_BUFFER_PAGE'
2020-02-28T06:54:00.929953Z 0 [Note] Shutting down plugin 'INNODB_CMP_PER_INDEX_RESET'
2020-02-28T06:54:00.930028Z 0 [Note] Shutting down plugin 'INNODB_CMP_PER_INDEX'
2020-02-28T06:54:00.930098Z 0 [Note] Shutting down plugin 'INNODB_CMPMEM_RESET'
2020-02-28T06:54:00.930169Z 0 [Note] Shutting down plugin 'INNODB_CMPMEM'
2020-02-28T06:54:00.930241Z 0 [Note] Shutting down plugin 'INNODB_CMP_RESET'
2020-02-28T06:54:00.930310Z 0 [Note] Shutting down plugin 'INNODB_CMP'
2020-02-28T06:54:00.930392Z 0 [Note] Shutting down plugin 'INNODB_LOCK_WAITS'
2020-02-28T06:54:00.930477Z 0 [Note] Shutting down plugin 'INNODB_LOCKS'
2020-02-28T06:54:00.930570Z 0 [Note] Shutting down plugin 'INNODB_TRX'
2020-02-28T06:54:00.930657Z 0 [Note] Shutting down plugin 'InnoDB'
2020-02-28T06:54:00.930874Z 0 [Note] InnoDB: FTS optimize thread exiting.
2020-02-28T06:54:00.931186Z 0 [Note] InnoDB: Starting shutdown...
2020-02-28T06:54:01.039140Z 0 [Note] InnoDB: Dumping buffer pool(s) to /var/lib/mysql/ib_buffer_pool
2020-02-28T06:54:01.047433Z 0 [Note] InnoDB: Buffer pool(s) dump completed at 200228 14:54:01
2020-02-28T06:54:02.172965Z 0 [Note] InnoDB: Shutdown completed; log sequence number 12440165
2020-02-28T06:54:02.176099Z 0 [Note] InnoDB: Removed temporary tablespace data file: "ibtmp1"
2020-02-28T06:54:02.176292Z 0 [Note] Shutting down plugin 'MEMORY'
2020-02-28T06:54:02.176526Z 0 [Note] Shutting down plugin 'CSV'
2020-02-28T06:54:02.176685Z 0 [Note] Shutting down plugin 'sha256_password'
2020-02-28T06:54:02.176806Z 0 [Note] Shutting down plugin 'mysql_native_password'
2020-02-28T06:54:02.177195Z 0 [Note] Shutting down plugin 'binlog'
2020-02-28T06:54:02.180097Z 0 [Note] mysqld: Shutdown complete

2020-02-28T06:54:08.977194Z 0 [Note] mysqld (mysqld 5.7.28-log) starting as process 1 ...
2020-02-28T06:54:08.991392Z 0 [Note] InnoDB: PUNCH HOLE support available
2020-02-28T06:54:08.991708Z 0 [Note] InnoDB: Mutexes and rw_locks use GCC atomic builtins
2020-02-28T06:54:08.991863Z 0 [Note] InnoDB: Uses event mutexes
2020-02-28T06:54:08.992012Z 0 [Note] InnoDB: GCC builtin __atomic_thread_fence() is used for memory barrier
2020-02-28T06:54:08.992164Z 0 [Note] InnoDB: Compressed tables use zlib 1.2.11
2020-02-28T06:54:08.992756Z 0 [Note] InnoDB: Number of pools: 1
2020-02-28T06:54:08.993157Z 0 [Note] InnoDB: Using CPU crc32 instructions
2020-02-28T06:54:08.995923Z 0 [Note] InnoDB: Initializing buffer pool, total size = 128M, instances = 1, chunk size = 128M
2020-02-28T06:54:09.014752Z 0 [Note] InnoDB: Completed initialization of buffer pool
2020-02-28T06:54:09.019485Z 0 [Note] InnoDB: If the mysqld execution user is authorized, page cleaner thread priority can be changed. See the man page of setpriority().
2020-02-28T06:54:09.049021Z 0 [Note] InnoDB: Highest supported file format is Barracuda.
2020-02-28T06:54:09.117158Z 0 [Note] InnoDB: Creating shared tablespace for temporary tables
2020-02-28T06:54:09.118242Z 0 [Note] InnoDB: Setting file './ibtmp1' size to 12 MB. Physically writing the file full; Please wait ...
2020-02-28T06:54:09.215876Z 0 [Note] InnoDB: File './ibtmp1' size is now 12 MB.
2020-02-28T06:54:09.220540Z 0 [Note] InnoDB: 96 redo rollback segment(s) found. 96 redo rollback segment(s) are active.
2020-02-28T06:54:09.220696Z 0 [Note] InnoDB: 32 non-redo rollback segment(s) are active.
2020-02-28T06:54:09.222745Z 0 [Note] InnoDB: Waiting for purge to start
2020-02-28T06:54:09.274312Z 0 [Note] InnoDB: 5.7.28 started; log sequence number 12440165
2020-02-28T06:54:09.274949Z 0 [Note] Plugin 'FEDERATED' is disabled.
2020-02-28T06:54:09.276026Z 0 [Note] InnoDB: Loading buffer pool(s) from /var/lib/mysql/ib_buffer_pool
2020-02-28T06:54:09.306195Z 0 [Warning] World-writable config file './auto.cnf' is ignored.
2020-02-28T06:54:09.308001Z 0 [Warning] World-writable config file './auto.cnf' has been removed.

2020-02-28T06:54:09.308857Z 0 [Note] Salting uuid generator variables, current_pid: 1, server_start_time: 1582872848, bytes_sent: 0, 
2020-02-28T06:54:09.310012Z 0 [Note] Generated uuid: '1e950c24-59f7-11ea-9acc-0242ac170002', server_start_time: 281476559583505, bytes_sent: 94301613592592
2020-02-28T06:54:09.310722Z 0 [Warning] No existing UUID has been found, so we assume that this is the first time that this server has been started. Generating a new UUID: 1e950c24-59f7-11ea-9acc-0242ac170002.
2020-02-28T06:54:09.338974Z 0 [Note] InnoDB: Buffer pool(s) load completed at 200228 14:54:09
2020-02-28T06:54:09.339754Z 0 [Note] Found ca.pem, server-cert.pem and server-key.pem in data directory. Trying to enable SSL support using them.
2020-02-28T06:54:09.339864Z 0 [Note] Skipping generation of SSL certificates as certificate files are present in data directory.
2020-02-28T06:54:09.344200Z 0 [Warning] CA certificate ca.pem is self signed.
2020-02-28T06:54:09.344866Z 0 [Note] Skipping generation of RSA key pair as key files are present in data directory.
2020-02-28T06:54:09.346719Z 0 [Note] Server hostname (bind-address): '*'; port: 3306
2020-02-28T06:54:09.346886Z 0 [Note] IPv6 is available.
2020-02-28T06:54:09.347001Z 0 [Note]   - '::' resolves to '::';
2020-02-28T06:54:09.347147Z 0 [Note] Server socket created on IP: '::'.
2020-02-28T06:54:09.348384Z 0 [Warning] Insecure configuration for --pid-file: Location '/var/run/mysqld' in the path is accessible to all OS users. Consider choosing a different directory.
2020-02-28T06:54:09.582431Z 0 [Note] Event Scheduler: Loaded 0 events
2020-02-28T06:54:09.582944Z 0 [Note] mysqld: ready for connections.
Version: '5.7.28-log'  socket: '/var/run/mysqld/mysqld.sock'  port: 3306  MySQL Community Server (GPL)
2020-02-28T06:59:32.047528Z 0 [Note] Giving 0 client threads a chance to die gracefully
2020-02-28T06:59:32.047727Z 0 [Note] Shutting down slave threads
2020-02-28T06:59:32.047807Z 0 [Note] Forcefully disconnecting 0 remaining clients
2020-02-28T06:59:32.047912Z 0 [Note] Event Scheduler: Purging the queue. 0 events
2020-02-28T06:59:32.048400Z 0 [Note] Binlog end
2020-02-28T06:59:32.055662Z 0 [Note] Shutting down plugin 'ngram'
2020-02-28T06:59:32.055818Z 0 [Note] Shutting down plugin 'partition'
2020-02-28T06:59:32.055930Z 0 [Note] Shutting down plugin 'BLACKHOLE'
2020-02-28T06:59:32.056031Z 0 [Note] Shutting down plugin 'ARCHIVE'
2020-02-28T06:59:32.056130Z 0 [Note] Shutting down plugin 'PERFORMANCE_SCHEMA'
2020-02-28T06:59:32.056252Z 0 [Note] Shutting down plugin 'MRG_MYISAM'
2020-02-28T06:59:32.056354Z 0 [Note] Shutting down plugin 'MyISAM'
2020-02-28T06:59:32.056693Z 0 [Note] Shutting down plugin 'INNODB_SYS_VIRTUAL'
2020-02-28T06:59:32.056787Z 0 [Note] Shutting down plugin 'INNODB_SYS_DATAFILES'
2020-02-28T06:59:32.056874Z 0 [Note] Shutting down plugin 'INNODB_SYS_TABLESPACES'
2020-02-28T06:59:32.056959Z 0 [Note] Shutting down plugin 'INNODB_SYS_FOREIGN_COLS'
2020-02-28T06:59:32.057037Z 0 [Note] Shutting down plugin 'INNODB_SYS_FOREIGN'
2020-02-28T06:59:32.057115Z 0 [Note] Shutting down plugin 'INNODB_SYS_FIELDS'
2020-02-28T06:59:32.057193Z 0 [Note] Shutting down plugin 'INNODB_SYS_COLUMNS'
2020-02-28T06:59:32.057271Z 0 [Note] Shutting down plugin 'INNODB_SYS_INDEXES'
2020-02-28T06:59:32.057348Z 0 [Note] Shutting down plugin 'INNODB_SYS_TABLESTATS'
2020-02-28T06:59:32.057449Z 0 [Note] Shutting down plugin 'INNODB_SYS_TABLES'
2020-02-28T06:59:32.057547Z 0 [Note] Shutting down plugin 'INNODB_FT_INDEX_TABLE'
2020-02-28T06:59:32.057653Z 0 [Note] Shutting down plugin 'INNODB_FT_INDEX_CACHE'
2020-02-28T06:59:32.057746Z 0 [Note] Shutting down plugin 'INNODB_FT_CONFIG'
2020-02-28T06:59:32.057837Z 0 [Note] Shutting down plugin 'INNODB_FT_BEING_DELETED'
2020-02-28T06:59:32.057937Z 0 [Note] Shutting down plugin 'INNODB_FT_DELETED'
2020-02-28T06:59:32.058026Z 0 [Note] Shutting down plugin 'INNODB_FT_DEFAULT_STOPWORD'
2020-02-28T06:59:32.058116Z 0 [Note] Shutting down plugin 'INNODB_METRICS'
2020-02-28T06:59:32.058206Z 0 [Note] Shutting down plugin 'INNODB_TEMP_TABLE_INFO'
2020-02-28T06:59:32.058296Z 0 [Note] Shutting down plugin 'INNODB_BUFFER_POOL_STATS'
2020-02-28T06:59:32.058395Z 0 [Note] Shutting down plugin 'INNODB_BUFFER_PAGE_LRU'
2020-02-28T06:59:32.058499Z 0 [Note] Shutting down plugin 'INNODB_BUFFER_PAGE'
2020-02-28T06:59:32.058578Z 0 [Note] Shutting down plugin 'INNODB_CMP_PER_INDEX_RESET'
2020-02-28T06:59:32.058656Z 0 [Note] Shutting down plugin 'INNODB_CMP_PER_INDEX'
2020-02-28T06:59:32.058733Z 0 [Note] Shutting down plugin 'INNODB_CMPMEM_RESET'
2020-02-28T06:59:32.058811Z 0 [Note] Shutting down plugin 'INNODB_CMPMEM'
2020-02-28T06:59:32.058903Z 0 [Note] Shutting down plugin 'INNODB_CMP_RESET'
2020-02-28T06:59:32.058983Z 0 [Note] Shutting down plugin 'INNODB_CMP'
2020-02-28T06:59:32.059063Z 0 [Note] Shutting down plugin 'INNODB_LOCK_WAITS'
2020-02-28T06:59:32.059141Z 0 [Note] Shutting down plugin 'INNODB_LOCKS'
2020-02-28T06:59:32.059232Z 0 [Note] Shutting down plugin 'INNODB_TRX'
2020-02-28T06:59:32.059310Z 0 [Note] Shutting down plugin 'InnoDB'
2020-02-28T06:59:32.059567Z 0 [Note] InnoDB: FTS optimize thread exiting.
2020-02-28T06:59:32.059915Z 0 [Note] InnoDB: Starting shutdown...
2020-02-28T06:59:32.166299Z 0 [Note] InnoDB: Dumping buffer pool(s) to /var/lib/mysql/ib_buffer_pool
2020-02-28T06:59:32.175436Z 0 [Note] InnoDB: Buffer pool(s) dump completed at 200228 14:59:32
2020-02-28T06:59:32.638201Z 0 [Note] InnoDB: Shutdown completed; log sequence number 12440193
2020-02-28T06:59:32.647185Z 0 [Note] InnoDB: Removed temporary tablespace data file: "ibtmp1"
2020-02-28T06:59:32.647747Z 0 [Note] Shutting down plugin 'MEMORY'
2020-02-28T06:59:32.648160Z 0 [Note] Shutting down plugin 'CSV'
2020-02-28T06:59:32.648565Z 0 [Note] Shutting down plugin 'sha256_password'
2020-02-28T06:59:32.648936Z 0 [Note] Shutting down plugin 'mysql_native_password'
2020-02-28T06:59:32.649878Z 0 [Note] Shutting down plugin 'binlog'
2020-02-28T06:59:32.656021Z 0 [Note] mysqld: Shutdown complete

2020-02-28T07:00:07.398013Z 0 [Note] mysqld (mysqld 5.7.29-log) starting as process 1 ...
2020-02-28T07:00:07.413191Z 0 [Note] InnoDB: PUNCH HOLE support available
2020-02-28T07:00:07.413472Z 0 [Note] InnoDB: Mutexes and rw_locks use GCC atomic builtins
2020-02-28T07:00:07.413603Z 0 [Note] InnoDB: Uses event mutexes
2020-02-28T07:00:07.413741Z 0 [Note] InnoDB: GCC builtin __atomic_thread_fence() is used for memory barrier
2020-02-28T07:00:07.413865Z 0 [Note] InnoDB: Compressed tables use zlib 1.2.11
2020-02-28T07:00:07.414897Z 0 [Note] InnoDB: Number of pools: 1
2020-02-28T07:00:07.422990Z 0 [Note] InnoDB: Using CPU crc32 instructions
2020-02-28T07:00:07.426120Z 0 [Note] InnoDB: Initializing buffer pool, total size = 128M, instances = 1, chunk size = 128M
2020-02-28T07:00:07.447971Z 0 [Note] InnoDB: Completed initialization of buffer pool
2020-02-28T07:00:07.453507Z 0 [Note] InnoDB: If the mysqld execution user is authorized, page cleaner thread priority can be changed. See the man page of setpriority().
2020-02-28T07:00:07.485820Z 0 [Note] InnoDB: Highest supported file format is Barracuda.
2020-02-28T07:00:07.562129Z 0 [Note] InnoDB: Creating shared tablespace for temporary tables
2020-02-28T07:00:07.565994Z 0 [Note] InnoDB: Setting file './ibtmp1' size to 12 MB. Physically writing the file full; Please wait ...
2020-02-28T07:00:07.664196Z 0 [Note] InnoDB: File './ibtmp1' size is now 12 MB.
2020-02-28T07:00:07.666642Z 0 [Note] InnoDB: 96 redo rollback segment(s) found. 96 redo rollback segment(s) are active.
2020-02-28T07:00:07.666813Z 0 [Note] InnoDB: 32 non-redo rollback segment(s) are active.
2020-02-28T07:00:07.667529Z 0 [Note] InnoDB: Waiting for purge to start
2020-02-28T07:00:07.717991Z 0 [Note] InnoDB: 5.7.29 started; log sequence number 12440193
2020-02-28T07:00:07.718874Z 0 [Note] InnoDB: Loading buffer pool(s) from /var/lib/mysql/ib_buffer_pool
2020-02-28T07:00:07.719630Z 0 [Note] Plugin 'FEDERATED' is disabled.
2020-02-28T07:00:07.769620Z 0 [Warning] World-writable config file './auto.cnf' is ignored.
2020-02-28T07:00:07.770554Z 0 [Warning] World-writable config file './auto.cnf' has been removed.

2020-02-28T07:00:07.771019Z 0 [Note] Salting uuid generator variables, current_pid: 1, server_start_time: 1582873207, bytes_sent: 0, 
2020-02-28T07:00:07.772984Z 0 [Note] Generated uuid: 'f43e27fa-59f7-11ea-974b-0242ac140002', server_start_time: 281476559583864, bytes_sent: 94880851075104
2020-02-28T07:00:07.773135Z 0 [Warning] No existing UUID has been found, so we assume that this is the first time that this server has been started. Generating a new UUID: f43e27fa-59f7-11ea-974b-0242ac140002.
2020-02-28T07:00:07.803683Z 0 [Note] InnoDB: Buffer pool(s) load completed at 200228 15:00:07
2020-02-28T07:00:07.807436Z 0 [Note] Found ca.pem, server-cert.pem and server-key.pem in data directory. Trying to enable SSL support using them.
2020-02-28T07:00:07.807570Z 0 [Note] Skipping generation of SSL certificates as certificate files are present in data directory.
2020-02-28T07:00:07.814531Z 0 [Warning] CA certificate ca.pem is self signed.
2020-02-28T07:00:07.815937Z 0 [Note] Skipping generation of RSA key pair as key files are present in data directory.
2020-02-28T07:00:07.818157Z 0 [Note] Server hostname (bind-address): '*'; port: 3306
2020-02-28T07:00:07.818351Z 0 [Note] IPv6 is available.
2020-02-28T07:00:07.818490Z 0 [Note]   - '::' resolves to '::';
2020-02-28T07:00:07.818633Z 0 [Note] Server socket created on IP: '::'.
2020-02-28T07:00:07.821053Z 0 [Warning] Insecure configuration for --pid-file: Location '/var/run/mysqld' in the path is accessible to all OS users. Consider choosing a different directory.
2020-02-28T07:00:08.073379Z 0 [Note] Event Scheduler: Loaded 0 events
2020-02-28T07:00:08.073926Z 0 [Note] mysqld: ready for connections.
Version: '5.7.29-log'  socket: '/var/run/mysqld/mysqld.sock'  port: 3306  MySQL Community Server (GPL)
2020-02-28T07:03:18.159890Z 0 [Note] Giving 1 client threads a chance to die gracefully
2020-02-28T07:03:18.160098Z 0 [Note] Shutting down slave threads
2020-02-28T07:03:20.162859Z 0 [Note] Forcefully disconnecting 1 remaining clients
2020-02-28T07:03:20.163368Z 0 [Warning] mysqld: Forcing close of thread 2  user: 'root'

2020-02-28T07:03:20.166228Z 0 [Note] Event Scheduler: Purging the queue. 0 events
2020-02-28T07:03:20.169415Z 0 [Note] Binlog end
2020-02-28T07:03:20.175630Z 0 [Note] Shutting down plugin 'ngram'
2020-02-28T07:03:20.176031Z 0 [Note] Shutting down plugin 'partition'
2020-02-28T07:03:20.176323Z 0 [Note] Shutting down plugin 'BLACKHOLE'
2020-02-28T07:03:20.176695Z 0 [Note] Shutting down plugin 'ARCHIVE'
2020-02-28T07:03:20.177056Z 0 [Note] Shutting down plugin 'PERFORMANCE_SCHEMA'
2020-02-28T07:03:20.177412Z 0 [Note] Shutting down plugin 'MRG_MYISAM'
2020-02-28T07:03:20.177612Z 0 [Note] Shutting down plugin 'MyISAM'
2020-02-28T07:03:20.177860Z 0 [Note] Shutting down plugin 'INNODB_SYS_VIRTUAL'
2020-02-28T07:03:20.178048Z 0 [Note] Shutting down plugin 'INNODB_SYS_DATAFILES'
2020-02-28T07:03:20.178229Z 0 [Note] Shutting down plugin 'INNODB_SYS_TABLESPACES'
2020-02-28T07:03:20.178408Z 0 [Note] Shutting down plugin 'INNODB_SYS_FOREIGN_COLS'
2020-02-28T07:03:20.178585Z 0 [Note] Shutting down plugin 'INNODB_SYS_FOREIGN'
2020-02-28T07:03:20.178771Z 0 [Note] Shutting down plugin 'INNODB_SYS_FIELDS'
2020-02-28T07:03:20.178950Z 0 [Note] Shutting down plugin 'INNODB_SYS_COLUMNS'
2020-02-28T07:03:20.179127Z 0 [Note] Shutting down plugin 'INNODB_SYS_INDEXES'
2020-02-28T07:03:20.179276Z 0 [Note] Shutting down plugin 'INNODB_SYS_TABLESTATS'
2020-02-28T07:03:20.179426Z 0 [Note] Shutting down plugin 'INNODB_SYS_TABLES'
2020-02-28T07:03:20.179580Z 0 [Note] Shutting down plugin 'INNODB_FT_INDEX_TABLE'
2020-02-28T07:03:20.179879Z 0 [Note] Shutting down plugin 'INNODB_FT_INDEX_CACHE'
2020-02-28T07:03:20.180094Z 0 [Note] Shutting down plugin 'INNODB_FT_CONFIG'
2020-02-28T07:03:20.180247Z 0 [Note] Shutting down plugin 'INNODB_FT_BEING_DELETED'
2020-02-28T07:03:20.180392Z 0 [Note] Shutting down plugin 'INNODB_FT_DELETED'
2020-02-28T07:03:20.180559Z 0 [Note] Shutting down plugin 'INNODB_FT_DEFAULT_STOPWORD'
2020-02-28T07:03:20.180726Z 0 [Note] Shutting down plugin 'INNODB_METRICS'
2020-02-28T07:03:20.180886Z 0 [Note] Shutting down plugin 'INNODB_TEMP_TABLE_INFO'
2020-02-28T07:03:20.181098Z 0 [Note] Shutting down plugin 'INNODB_BUFFER_POOL_STATS'
2020-02-28T07:03:20.181300Z 0 [Note] Shutting down plugin 'INNODB_BUFFER_PAGE_LRU'
2020-02-28T07:03:20.181522Z 0 [Note] Shutting down plugin 'INNODB_BUFFER_PAGE'
2020-02-28T07:03:20.181792Z 0 [Note] Shutting down plugin 'INNODB_CMP_PER_INDEX_RESET'
2020-02-28T07:03:20.181960Z 0 [Note] Shutting down plugin 'INNODB_CMP_PER_INDEX'
2020-02-28T07:03:20.182121Z 0 [Note] Shutting down plugin 'INNODB_CMPMEM_RESET'
2020-02-28T07:03:20.182282Z 0 [Note] Shutting down plugin 'INNODB_CMPMEM'
2020-02-28T07:03:20.182451Z 0 [Note] Shutting down plugin 'INNODB_CMP_RESET'
2020-02-28T07:03:20.182634Z 0 [Note] Shutting down plugin 'INNODB_CMP'
2020-02-28T07:03:20.182805Z 0 [Note] Shutting down plugin 'INNODB_LOCK_WAITS'
2020-02-28T07:03:20.182971Z 0 [Note] Shutting down plugin 'INNODB_LOCKS'
2020-02-28T07:03:20.183140Z 0 [Note] Shutting down plugin 'INNODB_TRX'
2020-02-28T07:03:20.183322Z 0 [Note] Shutting down plugin 'InnoDB'
2020-02-28T07:03:20.183785Z 0 [Note] InnoDB: FTS optimize thread exiting.
2020-02-28T07:03:20.184392Z 0 [Note] InnoDB: Starting shutdown...
2020-02-28T07:03:20.308986Z 0 [Note] InnoDB: Dumping buffer pool(s) to /var/lib/mysql/ib_buffer_pool
2020-02-28T07:03:20.318076Z 0 [Note] InnoDB: Buffer pool(s) dump completed at 200228 15:03:20
2020-02-28T07:03:21.004320Z 0 [Note] InnoDB: Shutdown completed; log sequence number 12440221
2020-02-28T07:03:21.009456Z 0 [Note] InnoDB: Removed temporary tablespace data file: "ibtmp1"
2020-02-28T07:03:21.010037Z 0 [Note] Shutting down plugin 'MEMORY'
2020-02-28T07:03:21.010313Z 0 [Note] Shutting down plugin 'CSV'
2020-02-28T07:03:21.010649Z 0 [Note] Shutting down plugin 'sha256_password'
2020-02-28T07:03:21.010905Z 0 [Note] Shutting down plugin 'mysql_native_password'
2020-02-28T07:03:21.011521Z 0 [Note] Shutting down plugin 'binlog'
2020-02-28T07:03:21.016421Z 0 [Note] mysqld: Shutdown complete

2020-02-28T07:03:27.009073Z 0 [Note] mysqld (mysqld 5.7.29-log) starting as process 1 ...
2020-02-28T07:03:27.023526Z 0 [Note] InnoDB: PUNCH HOLE support available
2020-02-28T07:03:27.023711Z 0 [Note] InnoDB: Mutexes and rw_locks use GCC atomic builtins
2020-02-28T07:03:27.023857Z 0 [Note] InnoDB: Uses event mutexes
2020-02-28T07:03:27.023990Z 0 [Note] InnoDB: GCC builtin __atomic_thread_fence() is used for memory barrier
2020-02-28T07:03:27.024146Z 0 [Note] InnoDB: Compressed tables use zlib 1.2.11
2020-02-28T07:03:27.024808Z 0 [Note] InnoDB: Number of pools: 1
2020-02-28T07:03:27.025165Z 0 [Note] InnoDB: Using CPU crc32 instructions
2020-02-28T07:03:27.028367Z 0 [Note] InnoDB: Initializing buffer pool, total size = 128M, instances = 1, chunk size = 128M
2020-02-28T07:03:27.048575Z 0 [Note] InnoDB: Completed initialization of buffer pool
2020-02-28T07:03:27.052971Z 0 [Note] InnoDB: If the mysqld execution user is authorized, page cleaner thread priority can be changed. See the man page of setpriority().
2020-02-28T07:03:27.084454Z 0 [Note] InnoDB: Highest supported file format is Barracuda.
2020-02-28T07:03:27.152779Z 0 [Note] InnoDB: Creating shared tablespace for temporary tables
2020-02-28T07:03:27.153887Z 0 [Note] InnoDB: Setting file './ibtmp1' size to 12 MB. Physically writing the file full; Please wait ...
2020-02-28T07:03:27.247351Z 0 [Note] InnoDB: File './ibtmp1' size is now 12 MB.
2020-02-28T07:03:27.249626Z 0 [Note] InnoDB: 96 redo rollback segment(s) found. 96 redo rollback segment(s) are active.
2020-02-28T07:03:27.249799Z 0 [Note] InnoDB: 32 non-redo rollback segment(s) are active.
2020-02-28T07:03:27.250507Z 0 [Note] InnoDB: Waiting for purge to start
2020-02-28T07:03:27.300963Z 0 [Note] InnoDB: 5.7.29 started; log sequence number 12440221
2020-02-28T07:03:27.301497Z 0 [Note] Plugin 'FEDERATED' is disabled.
2020-02-28T07:03:27.302300Z 0 [Note] InnoDB: Loading buffer pool(s) from /var/lib/mysql/ib_buffer_pool
2020-02-28T07:03:27.328908Z 0 [Warning] World-writable config file './auto.cnf' is ignored.
2020-02-28T07:03:27.329831Z 0 [Warning] World-writable config file './auto.cnf' has been removed.

2020-02-28T07:03:27.330344Z 0 [Note] Salting uuid generator variables, current_pid: 1, server_start_time: 1582873407, bytes_sent: 0, 
2020-02-28T07:03:27.331613Z 0 [Note] Generated uuid: '6b306300-59f8-11ea-8d43-0242ac140002', server_start_time: 281476559584064, bytes_sent: 94545383084592
2020-02-28T07:03:27.331842Z 0 [Warning] No existing UUID has been found, so we assume that this is the first time that this server has been started. Generating a new UUID: 6b306300-59f8-11ea-8d43-0242ac140002.
2020-02-28T07:03:27.357390Z 0 [Note] Found ca.pem, server-cert.pem and server-key.pem in data directory. Trying to enable SSL support using them.
2020-02-28T07:03:27.357790Z 0 [Note] Skipping generation of SSL certificates as certificate files are present in data directory.
2020-02-28T07:03:27.360077Z 0 [Note] InnoDB: Buffer pool(s) load completed at 200228 15:03:27
2020-02-28T07:03:27.362755Z 0 [Warning] CA certificate ca.pem is self signed.
2020-02-28T07:03:27.363278Z 0 [Note] Skipping generation of RSA key pair as key files are present in data directory.
2020-02-28T07:03:27.365118Z 0 [Note] Server hostname (bind-address): '*'; port: 3306
2020-02-28T07:03:27.365289Z 0 [Note] IPv6 is available.
2020-02-28T07:03:27.365394Z 0 [Note]   - '::' resolves to '::';
2020-02-28T07:03:27.365529Z 0 [Note] Server socket created on IP: '::'.
2020-02-28T07:03:27.366967Z 0 [Warning] Insecure configuration for --pid-file: Location '/var/run/mysqld' in the path is accessible to all OS users. Consider choosing a different directory.
2020-02-28T07:03:27.597339Z 0 [Note] Event Scheduler: Loaded 0 events
2020-02-28T07:03:27.597852Z 0 [Note] mysqld: ready for connections.
Version: '5.7.29-log'  socket: '/var/run/mysqld/mysqld.sock'  port: 3306  MySQL Community Server (GPL)
